Determining if the pthread_create exist failed with the following output:
Change Dir: /media/fcz/work/work/SRC/XR1/xr1_catkin_ws/src/xr1controllerol/cmake-build-debug/CMakeFiles/CMakeTmp

Run Build Command(s):/usr/bin/make cmTC_f128d/fast 
/usr/bin/make -f CMakeFiles/cmTC_f128d.dir/build.make CMakeFiles/cmTC_f128d.dir/build
make[1]: Entering directory '/media/fcz/work/work/SRC/XR1/xr1_catkin_ws/src/xr1controllerol/cmake-build-debug/CMakeFiles/CMakeTmp'
Building C object CMakeFiles/cmTC_f128d.dir/CheckSymbolExists.c.o
/usr/bin/cc    -o CMakeFiles/cmTC_f128d.dir/CheckSymbolExists.c.o   -c /media/fcz/work/work/SRC/XR1/xr1_catkin_ws/src/xr1controllerol/cmake-build-debug/CMakeFiles/CMakeTmp/CheckSymbolExists.c
Linking C executable cmTC_f128d
/media/fcz/work/work/Downloads/software/clion-2019.2.1/bin/cmake/linux/bin/cmake -E cmake_link_script CMakeFiles/cmTC_f128d.dir/link.txt --verbose=1
/usr/bin/cc      -rdynamic CMakeFiles/cmTC_f128d.dir/CheckSymbolExists.c.o  -o cmTC_f128d 
CMakeFiles/cmTC_f128d.dir/CheckSymbolExists.c.o: In function `main':
CheckSymbolExists.c:(.text+0x16): undefined reference to `pthread_create'
collect2: error: ld returned 1 exit status
CMakeFiles/cmTC_f128d.dir/build.make:86: recipe for target 'cmTC_f128d' failed
make[1]: *** [cmTC_f128d] Error 1
make[1]: Leaving directory '/media/fcz/work/work/SRC/XR1/xr1_catkin_ws/src/xr1controllerol/cmake-build-debug/CMakeFiles/CMakeTmp'
Makefile:121: recipe for target 'cmTC_f128d/fast' failed
make: *** [cmTC_f128d/fast] Error 2

File /media/fcz/work/work/SRC/XR1/xr1_catkin_ws/src/xr1controllerol/cmake-build-debug/CMakeFiles/CMakeTmp/CheckSymbolExists.c:
/* */
#include <pthread.h>

int main(int argc, char** argv)
{
  (void)argv;
#ifndef pthread_create
  return ((int*)(&pthread_create))[argc];
#else
  (void)argc;
  return 0;
#endif
}

Determining if the function pthread_create exists in the pthreads failed with the following output:
Change Dir: /media/fcz/work/work/SRC/XR1/xr1_catkin_ws/src/xr1controllerol/cmake-build-debug/CMakeFiles/CMakeTmp

Run Build Command(s):/usr/bin/make cmTC_6fcb1/fast 
/usr/bin/make -f CMakeFiles/cmTC_6fcb1.dir/build.make CMakeFiles/cmTC_6fcb1.dir/build
make[1]: Entering directory '/media/fcz/work/work/SRC/XR1/xr1_catkin_ws/src/xr1controllerol/cmake-build-debug/CMakeFiles/CMakeTmp'
Building C object CMakeFiles/cmTC_6fcb1.dir/CheckFunctionExists.c.o
/usr/bin/cc   -DCHECK_FUNCTION_EXISTS=pthread_create   -o CMakeFiles/cmTC_6fcb1.dir/CheckFunctionExists.c.o   -c /media/fcz/work/work/Downloads/software/clion-2019.2.1/bin/cmake/linux/share/cmake-3.14/Modules/CheckFunctionExists.c
Linking C executable cmTC_6fcb1
/media/fcz/work/work/Downloads/software/clion-2019.2.1/bin/cmake/linux/bin/cmake -E cmake_link_script CMakeFiles/cmTC_6fcb1.dir/link.txt --verbose=1
/usr/bin/cc  -DCHECK_FUNCTION_EXISTS=pthread_create    -rdynamic CMakeFiles/cmTC_6fcb1.dir/CheckFunctionExists.c.o  -o cmTC_6fcb1 -lpthreads 
/usr/bin/ld: cannot find -lpthreads
collect2: error: ld returned 1 exit status
CMakeFiles/cmTC_6fcb1.dir/build.make:86: recipe for target 'cmTC_6fcb1' failed
make[1]: *** [cmTC_6fcb1] Error 1
make[1]: Leaving directory '/media/fcz/work/work/SRC/XR1/xr1_catkin_ws/src/xr1controllerol/cmake-build-debug/CMakeFiles/CMakeTmp'
Makefile:121: recipe for target 'cmTC_6fcb1/fast' failed
make: *** [cmTC_6fcb1/fast] Error 2


